2025-03-28 21:32:09,965 - connections_manager - INFO - Starting SocketIO server on 127.0.0.1:3001
2025-03-28 21:35:32,999 - connections_manager - INFO - GET /hostname called
2025-03-28 21:35:37,907 - connections_manager - INFO - GET /connections called
2025-03-28 21:35:37,908 - connections_manager - INFO - GET /lte/status called
2025-03-28 21:35:37,921 - connections_manager - WARNING - No modem found
2025-03-28 21:35:41,528 - connections_manager - WARNING - No modem found
2025-03-28 21:35:44,097 - connections_manager - INFO - GET /connections called
2025-03-28 21:35:44,098 - connections_manager - INFO - GET /lte/status called
2025-03-28 21:35:44,109 - connections_manager - WARNING - No modem found
2025-03-28 21:35:44,428 - connections_manager - WARNING - No modem found
2025-03-28 21:35:46,731 - connections_manager - INFO - POST /connections/docker0/disconnect called
2025-03-28 21:35:47,781 - connections_manager - INFO - GET /connections called
2025-03-28 21:35:48,095 - connections_manager - WARNING - No modem found
2025-03-28 21:36:23,619 - connections_manager - INFO - GET /hostname called
2025-03-28 21:36:23,620 - connections_manager - INFO - GET /connections called
2025-03-28 21:36:23,621 - connections_manager - INFO - GET /lte/status called
2025-03-28 21:36:23,634 - connections_manager - WARNING - No modem found
2025-03-28 21:36:23,939 - connections_manager - WARNING - No modem found
2025-03-28 21:36:47,947 - connections_manager - INFO - GET /connections called
2025-03-28 21:36:47,948 - connections_manager - INFO - GET /lte/status called
2025-03-28 21:36:47,960 - connections_manager - WARNING - No modem found
2025-03-28 21:36:52,366 - connections_manager - WARNING - No modem found
2025-03-28 21:38:19,590 - connections_manager - INFO - GET /connections called
2025-03-28 21:38:19,591 - connections_manager - INFO - GET /lte/status called
2025-03-28 21:38:19,603 - connections_manager - WARNING - No modem found
2025-03-28 21:38:23,216 - connections_manager - WARNING - No modem found
2025-03-28 21:48:54,111 - connections_manager - INFO - GET /hostname called
2025-03-28 21:49:31,201 - connections_manager - INFO - GET /hostname called
2025-03-28 21:49:51,006 - connections_manager - INFO - GET /connections called
2025-03-28 21:49:51,009 - connections_manager - INFO - GET /lte/status called
2025-03-28 21:49:51,022 - connections_manager - WARNING - No modem found
2025-03-28 21:49:54,907 - connections_manager - WARNING - No modem found
2025-03-28 21:53:37,737 - connections_manager - INFO - GET /connections called
2025-03-28 21:53:37,739 - connections_manager - INFO - GET /lte/status called
2025-03-28 21:53:37,750 - connections_manager - WARNING - No modem found
2025-03-28 21:53:41,027 - connections_manager - WARNING - No modem found
2025-03-28 21:53:44,550 - connections_manager - INFO - GET /connections called
2025-03-28 21:53:44,552 - connections_manager - INFO - GET /lte/status called
2025-03-28 21:53:44,564 - connections_manager - WARNING - No modem found
2025-03-28 21:53:44,880 - connections_manager - WARNING - No modem found
2025-03-28 21:53:46,010 - connections_manager - INFO - GET /connections called
2025-03-28 21:53:46,013 - connections_manager - INFO - GET /lte/status called
2025-03-28 21:53:46,026 - connections_manager - WARNING - No modem found
2025-03-28 21:53:46,343 - connections_manager - WARNING - No modem found
2025-03-28 21:53:47,303 - connections_manager - INFO - GET /connections called
2025-03-28 21:53:47,305 - connections_manager - INFO - GET /lte/status called
2025-03-28 21:53:47,316 - connections_manager - WARNING - No modem found
2025-03-28 21:53:47,631 - connections_manager - WARNING - No modem found
2025-03-28 21:53:57,455 - connections_manager - INFO - GET /connections called
2025-03-28 21:53:57,456 - connections_manager - INFO - GET /lte/status called
2025-03-28 21:53:57,468 - connections_manager - WARNING - No modem found
2025-03-28 21:53:57,766 - connections_manager - WARNING - No modem found
2025-03-28 21:54:03,618 - connections_manager - INFO - GET /connections called
2025-03-28 21:54:03,620 - connections_manager - INFO - GET /lte/status called
2025-03-28 21:54:03,638 - connections_manager - WARNING - No modem found
2025-03-28 21:54:03,933 - connections_manager - WARNING - No modem found
2025-03-28 22:00:22,999 - connections_manager - INFO - GET /hostname called
2025-03-28 22:06:04,576 - connections_manager - INFO - GET /hostname called
2025-03-28 22:08:13,261 - connections_manager - INFO - GET /hostname called
2025-03-28 22:10:07,450 - connections_manager - INFO - GET /hostname called
2025-03-28 22:10:08,102 - connections_manager - INFO - GET /hostname called
2025-03-28 22:16:21,565 - connections_manager - INFO - GET /hostname called
2025-03-28 22:18:43,414 - connections_manager - INFO - GET /hostname called
2025-03-28 22:21:24,079 - connections_manager - INFO - GET /hostname called
2025-03-28 22:24:31,466 - connections_manager - INFO - GET /hostname called
2025-03-28 22:25:35,459 - connections_manager - INFO - GET /hostname called
2025-03-28 22:25:39,569 - connections_manager - INFO - GET /connections called
2025-03-28 22:25:39,570 - connections_manager - INFO - GET /lte/status called
2025-03-28 22:25:39,581 - connections_manager - WARNING - No modem found
2025-03-28 22:25:43,875 - connections_manager - WARNING - No modem found
2025-03-28 22:26:51,346 - connections_manager - INFO - GET /hostname called
2025-03-28 22:36:17,932 - connections_manager - INFO - GET /hostname called
2025-03-28 22:56:57,907 - connections_manager - INFO - GET /hostname called
2025-03-28 23:04:53,449 - connections_manager - INFO - GET /hostname called
2025-03-28 23:07:37,727 - connections_manager - INFO - GET /hostname called
2025-03-28 23:07:41,844 - connections_manager - INFO - GET /hostname called
2025-03-28 23:07:45,821 - connections_manager - INFO - GET /hostname called
2025-03-28 23:08:45,162 - connections_manager - INFO - GET /hostname called
2025-03-28 23:08:45,855 - connections_manager - INFO - GET /hostname called
2025-03-28 23:10:24,982 - connections_manager - INFO - GET /hostname called
2025-03-28 23:10:25,035 - connections_manager - INFO - GET /hostname called
2025-03-28 23:10:25,048 - connections_manager - INFO - GET /hostname called
2025-03-28 23:10:25,067 - connections_manager - INFO - GET /hostname called
2025-03-28 23:10:26,463 - connections_manager - INFO - GET /hostname called
2025-03-28 23:22:18,291 - connections_manager - INFO - GET /hostname called
2025-03-28 23:25:23,321 - connections_manager - INFO - GET /hostname called
2025-03-28 23:25:58,872 - connections_manager - INFO - GET /hostname called
2025-03-28 23:34:54,762 - connections_manager - INFO - GET /connections called
2025-03-28 23:34:54,763 - connections_manager - INFO - GET /lte/status called
2025-03-28 23:34:54,777 - connections_manager - WARNING - No modem found
2025-03-28 23:34:58,995 - connections_manager - WARNING - No modem found
2025-03-28 23:35:01,576 - connections_manager - INFO - Network stats client connected: 5TR_9oHyd3ZfC1dTAAAB
2025-03-28 23:35:01,576 - connections_manager - INFO - Client added. Total active clients: 1
2025-03-28 23:35:01,576 - connections_manager - INFO - Stats thread started
2025-03-28 23:35:02,776 - connections_manager - INFO - Network stats client disconnected: 5TR_9oHyd3ZfC1dTAAAB, reason: client disconnect
2025-03-28 23:35:02,776 - connections_manager - INFO - Client removed. Remaining active clients: 0
2025-03-28 23:35:02,780 - connections_manager - INFO - GET /connections called
2025-03-28 23:35:03,109 - connections_manager - WARNING - No modem found
2025-03-28 23:35:03,708 - connections_manager - INFO - Stats thread stopping - no clients
2025-03-28 23:37:10,384 - connections_manager - INFO - GET /hostname called
2025-03-28 23:38:17,167 - connections_manager - INFO - GET /hostname called
2025-03-28 23:39:59,883 - connections_manager - INFO - GET /lte/status called
2025-03-28 23:39:59,885 - connections_manager - INFO - GET /connections called
2025-03-28 23:39:59,895 - connections_manager - WARNING - No modem found
2025-03-28 23:40:01,185 - connections_manager - INFO - Network stats client connected: a9HyzcH-XTwS5qhKAAAD
2025-03-28 23:40:01,185 - connections_manager - INFO - Client added. Total active clients: 1
2025-03-28 23:40:01,185 - connections_manager - INFO - Stats thread started
2025-03-28 23:40:02,616 - connections_manager - INFO - Network stats client connected: 8aJrTQ-k7_kyGypwAAAF
2025-03-28 23:40:02,616 - connections_manager - INFO - Client added. Total active clients: 2
2025-03-28 23:40:04,145 - connections_manager - WARNING - No modem found
2025-03-28 23:40:04,152 - connections_manager - INFO - GET /connections called
2025-03-28 23:40:04,155 - connections_manager - INFO - Network stats client disconnected: 8aJrTQ-k7_kyGypwAAAF, reason: transport close
2025-03-28 23:40:04,155 - connections_manager - INFO - Client removed. Remaining active clients: 1
2025-03-28 23:40:04,157 - connections_manager - INFO - Network stats client disconnected: a9HyzcH-XTwS5qhKAAAD, reason: transport close
2025-03-28 23:40:04,157 - connections_manager - INFO - Client removed. Remaining active clients: 0
2025-03-28 23:40:04,439 - connections_manager - WARNING - No modem found
2025-03-28 23:40:04,446 - connections_manager - INFO - GET /connections called
2025-03-28 23:40:04,720 - connections_manager - WARNING - No modem found
2025-03-28 23:40:05,154 - connections_manager - INFO - Stats thread stopping - no clients
2025-03-28 23:44:54,079 - connections_manager - INFO - GET /hostname called
2025-03-28 23:44:55,799 - connections_manager - INFO - GET /hostname called
2025-03-28 23:45:54,293 - connections_manager - INFO - GET /connections called
2025-03-28 23:45:54,294 - connections_manager - INFO - GET /lte/status called
2025-03-28 23:45:54,305 - connections_manager - WARNING - No modem found
2025-03-28 23:45:56,975 - connections_manager - INFO - GET /lte/status called
2025-03-28 23:45:56,985 - connections_manager - WARNING - No modem found
2025-03-28 23:45:58,023 - connections_manager - WARNING - No modem found
2025-03-28 23:45:58,030 - connections_manager - INFO - GET /connections called
2025-03-28 23:45:58,336 - connections_manager - WARNING - No modem found
2025-03-28 23:48:22,806 - connections_manager - INFO - GET /connections called
2025-03-28 23:48:22,807 - connections_manager - INFO - GET /lte/status called
2025-03-28 23:48:22,819 - connections_manager - WARNING - No modem found
2025-03-28 23:48:24,372 - connections_manager - INFO - GET /lte/status called
2025-03-28 23:48:24,385 - connections_manager - WARNING - No modem found
2025-03-28 23:48:25,590 - connections_manager - WARNING - No modem found
2025-03-28 23:48:25,597 - connections_manager - INFO - GET /connections called
2025-03-28 23:48:25,914 - connections_manager - WARNING - No modem found
2025-03-28 23:48:26,311 - connections_manager - INFO - GET /connections called
2025-03-28 23:48:26,313 - connections_manager - INFO - GET /lte/status called
2025-03-28 23:48:26,324 - connections_manager - WARNING - No modem found
2025-03-28 23:48:26,626 - connections_manager - WARNING - No modem found
2025-03-29 00:17:33,810 - connections_manager - INFO - GET /hostname called
2025-03-29 00:17:55,156 - connections_manager - INFO - GET /hostname called
2025-03-29 00:19:07,917 - connections_manager - INFO - GET /hostname called
2025-03-29 00:21:02,991 - connections_manager - INFO - GET /connections called
2025-03-29 00:21:02,993 - connections_manager - INFO - GET /lte/status called
2025-03-29 00:21:03,006 - connections_manager - WARNING - No modem found
2025-03-29 00:21:08,079 - connections_manager - WARNING - No modem found
2025-03-29 00:25:28,739 - connections_manager - INFO - GET /hostname called
